build/app/intermediates/manifest_merge_blame_file/release/manifest-merger-blame-release-report.txt
1<?xml version="1.0" encoding="utf-8"?>
2<manifest xmlns:android="http://schemas.android.com/apk/res/android"
3    package="com.example.oneramadhan"
4    android:versionCode="1"
5    android:versionName="1.0.0" >
6
7    <uses-sdk
8        android:minSdkVersion="16"
8-->src/main/AndroidManifest.xml
9        android:targetSdkVersion="30" />
9-->src/main/AndroidManifest.xml
10
11    <uses-permission android:name="android.permission.INTERNET" />
11-->[com.google.firebase:firebase-auth:20.0.3] AndroidManifest.xml:23:5-67
11-->[com.google.firebase:firebase-auth:20.0.3] AndroidManifest.xml:23:22-64
12    <uses-permission android:name="android.permission.ACCESS_NETWORK_STATE" />
12-->[com.google.firebase:firebase-auth:20.0.3] AndroidManifest.xml:24:5-79
12-->[com.google.firebase:firebase-auth:20.0.3] AndroidManifest.xml:24:22-76
13    <uses-permission android:name="android.permission.WAKE_LOCK" />
13-->[com.google.android.gms:play-services-measurement-api:18.0.2] AndroidManifest.xml:24:5-68
13-->[com.google.android.gms:play-services-measurement-api:18.0.2] AndroidManifest.xml:24:22-65
14    <uses-permission android:name="com.google.android.finsky.permission.BIND_GET_INSTALL_REFERRER_SERVICE" />
14-->[com.google.android.gms:play-services-measurement:18.0.2] AndroidManifest.xml:26:5-110
14-->[com.google.android.gms:play-services-measurement:18.0.2] AndroidManifest.xml:26:22-107
15
16    <application
16-->src/main/AndroidManifest.xml:3:4-40:19
17        android:name="androidx.multidex.MultiDexApplication"
18        android:appComponentFactory="androidx.core.app.CoreComponentFactory"
18-->[androidx.core:core:1.1.0] AndroidManifest.xml:24:18-86
19        android:icon="@mipmap/ic_launcher"
19-->src/main/AndroidManifest.xml:5:9-43
20        android:label="1Ramadhan" >
20-->src/main/AndroidManifest.xml:4:9-34
21        <activity
21-->src/main/AndroidManifest.xml:6:9-34:20
22            android:name="com.example.oneramadhan.MainActivity"
22-->src/main/AndroidManifest.xml:7:13-41
23            android:configChanges="orientation|keyboardHidden|keyboard|screenSize|smallestScreenSize|locale|layoutDirection|fontScale|screenLayout|density|uiMode"
23-->src/main/AndroidManifest.xml:10:13-163
24            android:hardwareAccelerated="true"
24-->src/main/AndroidManifest.xml:11:13-47
25            android:launchMode="singleTop"
25-->src/main/AndroidManifest.xml:8:13-43
26            android:theme="@style/LaunchTheme"
26-->src/main/AndroidManifest.xml:9:13-47
27            android:windowSoftInputMode="adjustResize" >
27-->src/main/AndroidManifest.xml:12:13-55
28
29            <!--
30                 Specifies an Android theme to apply to this Activity as soon as
31                 the Android process has started. This theme is visible to the user
32                 while the Flutter UI initializes. After that, this theme continues
33                 to determine the Window background behind the Flutter UI.
34            -->
35            <meta-data
35-->src/main/AndroidManifest.xml:17:13-20:17
36                android:name="io.flutter.embedding.android.NormalTheme"
36-->src/main/AndroidManifest.xml:18:15-70
37                android:resource="@style/NormalTheme" />
37-->src/main/AndroidManifest.xml:19:15-52
38            <!--
39                 Displays an Android View that continues showing the launch screen
40                 Drawable until Flutter paints its first frame, then this splash
41                 screen fades out. A splash screen is useful to avoid any visual
42                 gap between the end of Android's launch screen and the painting of
43                 Flutter's first frame.
44            -->
45            <meta-data
45-->src/main/AndroidManifest.xml:26:13-29:17
46                android:name="io.flutter.embedding.android.SplashScreenDrawable"
46-->src/main/AndroidManifest.xml:27:15-79
47                android:resource="@drawable/launch_background" />
47-->src/main/AndroidManifest.xml:28:15-61
48
49            <intent-filter>
49-->src/main/AndroidManifest.xml:30:13-33:29
50                <action android:name="android.intent.action.MAIN" />
50-->src/main/AndroidManifest.xml:31:17-68
50-->src/main/AndroidManifest.xml:31:25-66
51
52                <category android:name="android.intent.category.LAUNCHER" />
52-->src/main/AndroidManifest.xml:32:17-76
52-->src/main/AndroidManifest.xml:32:27-74
53            </intent-filter>
54        </activity>
55        <!--
56             Don't delete the meta-data below.
57             This is used by the Flutter tool to generate GeneratedPluginRegistrant.java
58        -->
59        <meta-data
59-->src/main/AndroidManifest.xml:37:9-39:33
60            android:name="flutterEmbedding"
60-->src/main/AndroidManifest.xml:38:13-44
61            android:value="2" />
61-->src/main/AndroidManifest.xml:39:13-30
62
63        <service
63-->[:firebase_auth] AndroidManifest.xml:8:9-12:19
64            android:name="com.google.firebase.components.ComponentDiscoveryService"
64-->[:firebase_auth] AndroidManifest.xml:8:18-89
65            android:directBootAware="true"
65-->[com.google.firebase:firebase-common:19.5.0] AndroidManifest.xml:35:13-43
66            android:exported="false" >
66-->[com.google.firebase:firebase-auth:20.0.3] AndroidManifest.xml:76:13-37
67            <meta-data
67-->[:firebase_auth] AndroidManifest.xml:9:13-11:85
68                android:name="com.google.firebase.components:io.flutter.plugins.firebase.auth.FlutterFirebaseAuthRegistrar"
68-->[:firebase_auth] AndroidManifest.xml:10:17-124
69                android:value="com.google.firebase.components.ComponentRegistrar" />
69-->[:firebase_auth] AndroidManifest.xml:11:17-82
70            <meta-data
70-->[:cloud_firestore] AndroidManifest.xml:9:13-11:85
71                android:name="com.google.firebase.components:io.flutter.plugins.firebase.firestore.FlutterFirebaseFirestoreRegistrar"
71-->[:cloud_firestore] AndroidManifest.xml:10:17-134
72                android:value="com.google.firebase.components.ComponentRegistrar" />
72-->[:cloud_firestore] AndroidManifest.xml:11:17-82
73            <meta-data
73-->[:firebase_core] AndroidManifest.xml:9:13-11:85
74                android:name="com.google.firebase.components:io.flutter.plugins.firebase.core.FlutterFirebaseCoreRegistrar"
74-->[:firebase_core] AndroidManifest.xml:10:17-124
75                android:value="com.google.firebase.components.ComponentRegistrar" />
75-->[:firebase_core] AndroidManifest.xml:11:17-82
76            <meta-data
76-->[com.google.firebase:firebase-auth:20.0.3] AndroidManifest.xml:77:13-79:85
77                android:name="com.google.firebase.components:com.google.firebase.auth.FirebaseAuthRegistrar"
77-->[com.google.firebase:firebase-auth:20.0.3] AndroidManifest.xml:78:17-109
78                android:value="com.google.firebase.components.ComponentRegistrar" />
78-->[com.google.firebase:firebase-auth:20.0.3] AndroidManifest.xml:79:17-82
79            <meta-data
79-->[com.google.firebase:firebase-firestore:22.1.1] AndroidManifest.xml:20:13-22:85
80                android:name="com.google.firebase.components:com.google.firebase.firestore.FirestoreRegistrar"
80-->[com.google.firebase:firebase-firestore:22.1.1] AndroidManifest.xml:21:17-111
81                android:value="com.google.firebase.components.ComponentRegistrar" />
81-->[com.google.firebase:firebase-firestore:22.1.1] AndroidManifest.xml:22:17-82
82            <meta-data
82-->[com.google.android.gms:play-services-measurement-api:18.0.2] AndroidManifest.xml:30:13-32:85
83                android:name="com.google.firebase.components:com.google.firebase.analytics.connector.internal.AnalyticsConnectorRegistrar"
83-->[com.google.android.gms:play-services-measurement-api:18.0.2] AndroidManifest.xml:31:17-139
84                android:value="com.google.firebase.components.ComponentRegistrar" />
84-->[com.google.android.gms:play-services-measurement-api:18.0.2] AndroidManifest.xml:32:17-82
85            <meta-data
85-->[com.google.firebase:firebase-installations:16.3.5] AndroidManifest.xml:18:13-20:85
86                android:name="com.google.firebase.components:com.google.firebase.installations.FirebaseInstallationsRegistrar"
86-->[com.google.firebase:firebase-installations:16.3.5] AndroidManifest.xml:19:17-127
87                android:value="com.google.firebase.components.ComponentRegistrar" />
87-->[com.google.firebase:firebase-installations:16.3.5] AndroidManifest.xml:20:17-82
88            <!--
89                This registrar is not defined in the dynamic-module-support sdk itself to allow non-firebase
90                clients to use it as well, by defining this registrar in their own core/common library.
91            -->
92            <meta-data
92-->[com.google.firebase:firebase-common:19.5.0] AndroidManifest.xml:43:13-45:85
93                android:name="com.google.firebase.components:com.google.firebase.dynamicloading.DynamicLoadingRegistrar"
93-->[com.google.firebase:firebase-common:19.5.0] AndroidManifest.xml:44:17-121
94                android:value="com.google.firebase.components.ComponentRegistrar" />
94-->[com.google.firebase:firebase-common:19.5.0] AndroidManifest.xml:45:17-82
95        </service>
96
97        <activity
97-->[com.google.firebase:firebase-auth:20.0.3] AndroidManifest.xml:27:9-44:20
98            android:name="com.google.firebase.auth.internal.GenericIdpActivity"
98-->[com.google.firebase:firebase-auth:20.0.3] AndroidManifest.xml:28:13-80
99            android:excludeFromRecents="true"
99-->[com.google.firebase:firebase-auth:20.0.3] AndroidManifest.xml:29:13-46
100            android:exported="true"
100-->[com.google.firebase:firebase-auth:20.0.3] AndroidManifest.xml:30:13-36
101            android:launchMode="singleTask"
101-->[com.google.firebase:firebase-auth:20.0.3] AndroidManifest.xml:31:13-44
102            android:theme="@android:style/Theme.Translucent.NoTitleBar" >
102-->[com.google.firebase:firebase-auth:20.0.3] AndroidManifest.xml:32:13-72
103            <intent-filter>
103-->[com.google.firebase:firebase-auth:20.0.3] AndroidManifest.xml:33:13-43:29
104                <action android:name="android.intent.action.VIEW" />
104-->[com.google.firebase:firebase-auth:20.0.3] AndroidManifest.xml:34:17-69
104-->[com.google.firebase:firebase-auth:20.0.3] AndroidManifest.xml:34:25-66
105
106                <category android:name="android.intent.category.DEFAULT" />
106-->[com.google.firebase:firebase-auth:20.0.3] AndroidManifest.xml:36:17-76
106-->[com.google.firebase:firebase-auth:20.0.3] AndroidManifest.xml:36:27-73
107                <category android:name="android.intent.category.BROWSABLE" />
107-->[com.google.firebase:firebase-auth:20.0.3] AndroidManifest.xml:37:17-78
107-->[com.google.firebase:firebase-auth:20.0.3] AndroidManifest.xml:37:27-75
108
109                <data
109-->[com.google.firebase:firebase-auth:20.0.3] AndroidManifest.xml:39:17-42:51
110                    android:host="firebase.auth"
110-->[com.google.firebase:firebase-auth:20.0.3] AndroidManifest.xml:40:21-49
111                    android:path="/"
111-->[com.google.firebase:firebase-auth:20.0.3] AndroidManifest.xml:41:21-37
112                    android:scheme="genericidp" />
112-->[com.google.firebase:firebase-auth:20.0.3] AndroidManifest.xml:42:21-48
113            </intent-filter>
114        </activity>
115        <activity
115-->[com.google.firebase:firebase-auth:20.0.3] AndroidManifest.xml:45:9-62:20
116            android:name="com.google.firebase.auth.internal.RecaptchaActivity"
116-->[com.google.firebase:firebase-auth:20.0.3] AndroidManifest.xml:46:13-79
117            android:excludeFromRecents="true"
117-->[com.google.firebase:firebase-auth:20.0.3] AndroidManifest.xml:47:13-46
118            android:exported="true"
118-->[com.google.firebase:firebase-auth:20.0.3] AndroidManifest.xml:48:13-36
119            android:launchMode="singleTask"
119-->[com.google.firebase:firebase-auth:20.0.3] AndroidManifest.xml:49:13-44
120            android:theme="@android:style/Theme.Translucent.NoTitleBar" >
120-->[com.google.firebase:firebase-auth:20.0.3] AndroidManifest.xml:50:13-72
121            <intent-filter>
121-->[com.google.firebase:firebase-auth:20.0.3] AndroidManifest.xml:51:13-61:29
122                <action android:name="android.intent.action.VIEW" />
122-->[com.google.firebase:firebase-auth:20.0.3] AndroidManifest.xml:34:17-69
122-->[com.google.firebase:firebase-auth:20.0.3] AndroidManifest.xml:34:25-66
123
124                <category android:name="android.intent.category.DEFAULT" />
124-->[com.google.firebase:firebase-auth:20.0.3] AndroidManifest.xml:36:17-76
124-->[com.google.firebase:firebase-auth:20.0.3] AndroidManifest.xml:36:27-73
125                <category android:name="android.intent.category.BROWSABLE" />
125-->[com.google.firebase:firebase-auth:20.0.3] AndroidManifest.xml:37:17-78
125-->[com.google.firebase:firebase-auth:20.0.3] AndroidManifest.xml:37:27-75
126
127                <data
127-->[com.google.firebase:firebase-auth:20.0.3] AndroidManifest.xml:39:17-42:51
128                    android:host="firebase.auth"
128-->[com.google.firebase:firebase-auth:20.0.3] AndroidManifest.xml:40:21-49
129                    android:path="/"
129-->[com.google.firebase:firebase-auth:20.0.3] AndroidManifest.xml:41:21-37
130                    android:scheme="recaptcha" />
130-->[com.google.firebase:firebase-auth:20.0.3] AndroidManifest.xml:42:21-48
131            </intent-filter>
132        </activity>
133
134        <service
134-->[com.google.firebase:firebase-auth:20.0.3] AndroidManifest.xml:64:9-73:19
135            android:name="com.google.firebase.auth.api.fallback.service.FirebaseAuthFallbackService"
135-->[com.google.firebase:firebase-auth:20.0.3] AndroidManifest.xml:65:13-101
136            android:enabled="true"
136-->[com.google.firebase:firebase-auth:20.0.3] AndroidManifest.xml:66:13-35
137            android:exported="false" >
137-->[com.google.firebase:firebase-auth:20.0.3] AndroidManifest.xml:67:13-37
138            <intent-filter>
138-->[com.google.firebase:firebase-auth:20.0.3] AndroidManifest.xml:68:13-72:29
139                <action android:name="com.google.firebase.auth.api.gms.service.START" />
139-->[com.google.firebase:firebase-auth:20.0.3] AndroidManifest.xml:69:17-89
139-->[com.google.firebase:firebase-auth:20.0.3] AndroidManifest.xml:69:25-86
140
141                <category android:name="android.intent.category.DEFAULT" />
141-->[com.google.firebase:firebase-auth:20.0.3] AndroidManifest.xml:36:17-76
141-->[com.google.firebase:firebase-auth:20.0.3] AndroidManifest.xml:36:27-73
142            </intent-filter>
143        </service>
144
145        <provider
145-->[com.google.firebase:firebase-common:19.5.0] AndroidManifest.xml:26:9-31:39
146            android:name="com.google.firebase.provider.FirebaseInitProvider"
146-->[com.google.firebase:firebase-common:19.5.0] AndroidManifest.xml:27:13-77
147            android:authorities="com.example.oneramadhan.firebaseinitprovider"
147-->[com.google.firebase:firebase-common:19.5.0] AndroidManifest.xml:28:13-72
148            android:directBootAware="true"
148-->[com.google.firebase:firebase-common:19.5.0] AndroidManifest.xml:29:13-43
149            android:exported="false"
149-->[com.google.firebase:firebase-common:19.5.0] AndroidManifest.xml:30:13-37
150            android:initOrder="100" />
150-->[com.google.firebase:firebase-common:19.5.0] AndroidManifest.xml:31:13-36
151
152        <receiver
152-->[com.google.android.gms:play-services-measurement:18.0.2] AndroidManifest.xml:29:9-33:20
153            android:name="com.google.android.gms.measurement.AppMeasurementReceiver"
153-->[com.google.android.gms:play-services-measurement:18.0.2] AndroidManifest.xml:30:13-85
154            android:enabled="true"
154-->[com.google.android.gms:play-services-measurement:18.0.2] AndroidManifest.xml:31:13-35
155            android:exported="false" >
155-->[com.google.android.gms:play-services-measurement:18.0.2] AndroidManifest.xml:32:13-37
156        </receiver>
157
158        <service
158-->[com.google.android.gms:play-services-measurement:18.0.2] AndroidManifest.xml:35:9-38:40
159            android:name="com.google.android.gms.measurement.AppMeasurementService"
159-->[com.google.android.gms:play-services-measurement:18.0.2] AndroidManifest.xml:36:13-84
160            android:enabled="true"
160-->[com.google.android.gms:play-services-measurement:18.0.2] AndroidManifest.xml:37:13-35
161            android:exported="false" />
161-->[com.google.android.gms:play-services-measurement:18.0.2] AndroidManifest.xml:38:13-37
162        <service
162-->[com.google.android.gms:play-services-measurement:18.0.2] AndroidManifest.xml:39:9-43:72
163            android:name="com.google.android.gms.measurement.AppMeasurementJobService"
163-->[com.google.android.gms:play-services-measurement:18.0.2] AndroidManifest.xml:40:13-87
164            android:enabled="true"
164-->[com.google.android.gms:play-services-measurement:18.0.2] AndroidManifest.xml:41:13-35
165            android:exported="false"
165-->[com.google.android.gms:play-services-measurement:18.0.2] AndroidManifest.xml:42:13-37
166            android:permission="android.permission.BIND_JOB_SERVICE" />
166-->[com.google.android.gms:play-services-measurement:18.0.2] AndroidManifest.xml:43:13-69
167
168        <activity
168-->[com.google.android.gms:play-services-base:17.1.0] AndroidManifest.xml:23:9-26:75
169            android:name="com.google.android.gms.common.api.GoogleApiActivity"
169-->[com.google.android.gms:play-services-base:17.1.0] AndroidManifest.xml:24:13-79
170            android:exported="false"
170-->[com.google.android.gms:play-services-base:17.1.0] AndroidManifest.xml:25:13-37
171            android:theme="@android:style/Theme.Translucent.NoTitleBar" />
171-->[com.google.android.gms:play-services-base:17.1.0] AndroidManifest.xml:26:13-72
172
173        <meta-data
173-->[com.google.android.gms:play-services-basement:17.1.0] AndroidManifest.xml:23:9-25:69
174            android:name="com.google.android.gms.version"
174-->[com.google.android.gms:play-services-basement:17.1.0] AndroidManifest.xml:24:13-58
175            android:value="@integer/google_play_services_version" />
175-->[com.google.android.gms:play-services-basement:17.1.0] AndroidManifest.xml:25:13-66
176    </application>
177
178</manifest>